2025-06-16 18:10:26,156 - concurrent.futures - CRITICAL - Exception in initializer:
Traceback (most recent call last):
  File "C:\Users\vivek\AppData\Local\Programs\Python\Python313\Lib\concurrent\futures\process.py", line 233, in _process_worker
    initializer(*initargs)
    ~~~~~~~~~~~^^^^^^^^^^^
  File "D:\Projects\resume_parser_system\src\processors\batch_processor.py", line 34, in _init_worker
    parser = ResumeParser()
  File "D:\Projects\resume_parser_system\src\core\resume_parser.py", line 686, in __init__
    self.ml_extractor = MLSkillExtractor()
                        ~~~~~~~~~~~~~~~~^^
  File "D:\Projects\resume_parser_system\src\core\ml_skill_extractor.py", line 17, in __init__
    self.skill_classifier = pipeline(
                            ~~~~~~~~^
        "text-classification",
        ^^^^^^^^^^^^^^^^^^^^^^
    ...<2 lines>...
        device=-1  # Use CPU
        ^^^^^^^^^^^^^^^^^^^^
    )
    ^
  File "D:\Projects\resume_parser_system\.venv\Lib\site-packages\transformers\pipelines\__init__.py", line 812, in pipeline
    resolved_config_file = cached_file(
        pretrained_model_name_or_path,
    ...<5 lines>...
        **hub_kwargs,
    )
  File "D:\Projects\resume_parser_system\.venv\Lib\site-packages\transformers\utils\hub.py", line 312, in cached_file
    file = cached_files(path_or_repo_id=path_or_repo_id, filenames=[filename], **kwargs)
  File "D:\Projects\resume_parser_system\.venv\Lib\site-packages\transformers\utils\hub.py", line 470, in cached_files
    hf_hub_download(
    ~~~~~~~~~~~~~~~^
        path_or_repo_id,
        ^^^^^^^^^^^^^^^^
    ...<10 lines>...
        local_files_only=local_files_only,
        ^^^^^^^^^^^^^^^^^^^^^^^^^^^^^^^^^^
    )
    ^
  File "D:\Projects\resume_parser_system\.venv\Lib\site-packages\huggingface_hub\utils\_validators.py", line 114, in _inner_fn
    return fn(*args, **kwargs)
  File "D:\Projects\resume_parser_system\.venv\Lib\site-packages\huggingface_hub\file_download.py", line 1008, in hf_hub_download
    return _hf_hub_download_to_cache_dir(
        # Destination
    ...<14 lines>...
        force_download=force_download,
    )
  File "D:\Projects\resume_parser_system\.venv\Lib\site-packages\huggingface_hub\file_download.py", line 1071, in _hf_hub_download_to_cache_dir
    (url_to_download, etag, commit_hash, expected_size, xet_file_data, head_call_error) = _get_metadata_or_catch_error(
                                                                                          ~~~~~~~~~~~~~~~~~~~~~~~~~~~~^
        repo_id=repo_id,
        ^^^^^^^^^^^^^^^^
    ...<10 lines>...
        relative_filename=relative_filename,
        ^^^^^^^^^^^^^^^^^^^^^^^^^^^^^^^^^^^^
    )
    ^
  File "D:\Projects\resume_parser_system\.venv\Lib\site-packages\huggingface_hub\file_download.py", line 1533, in _get_metadata_or_catch_error
    metadata = get_hf_file_metadata(
        url=url, proxies=proxies, timeout=etag_timeout, headers=headers, token=token
    )
  File "D:\Projects\resume_parser_system\.venv\Lib\site-packages\huggingface_hub\utils\_validators.py", line 114, in _inner_fn
    return fn(*args, **kwargs)
  File "D:\Projects\resume_parser_system\.venv\Lib\site-packages\huggingface_hub\file_download.py", line 1450, in get_hf_file_metadata
    r = _request_wrapper(
        method="HEAD",
    ...<5 lines>...
        timeout=timeout,
    )
  File "D:\Projects\resume_parser_system\.venv\Lib\site-packages\huggingface_hub\file_download.py", line 286, in _request_wrapper
    response = _request_wrapper(
        method=method,
    ...<2 lines>...
        **params,
    )
  File "D:\Projects\resume_parser_system\.venv\Lib\site-packages\huggingface_hub\file_download.py", line 309, in _request_wrapper
    response = http_backoff(method=method, url=url, **params, retry_on_exceptions=(), retry_on_status_codes=(429,))
  File "D:\Projects\resume_parser_system\.venv\Lib\site-packages\huggingface_hub\utils\_http.py", line 310, in http_backoff
    response = session.request(method=method, url=url, **kwargs)
  File "D:\Projects\resume_parser_system\.venv\Lib\site-packages\requests\sessions.py", line 589, in request
    resp = self.send(prep, **send_kwargs)
  File "D:\Projects\resume_parser_system\.venv\Lib\site-packages\requests\sessions.py", line 703, in send
    r = adapter.send(request, **kwargs)
  File "D:\Projects\resume_parser_system\.venv\Lib\site-packages\huggingface_hub\utils\_http.py", line 96, in send
    return super().send(request, *args, **kwargs)
           ~~~~~~~~~~~~^^^^^^^^^^^^^^^^^^^^^^^^^^
  File "D:\Projects\resume_parser_system\.venv\Lib\site-packages\requests\adapters.py", line 667, in send
    resp = conn.urlopen(
        method=request.method,
    ...<9 lines>...
        chunked=chunked,
    )
  File "D:\Projects\resume_parser_system\.venv\Lib\site-packages\urllib3\connectionpool.py", line 787, in urlopen
    response = self._make_request(
        conn,
    ...<10 lines>...
        **response_kw,
    )
  File "D:\Projects\resume_parser_system\.venv\Lib\site-packages\urllib3\connectionpool.py", line 534, in _make_request
    response = conn.getresponse()
  File "D:\Projects\resume_parser_system\.venv\Lib\site-packages\urllib3\connection.py", line 516, in getresponse
    httplib_response = super().getresponse()
  File "C:\Users\vivek\AppData\Local\Programs\Python\Python313\Lib\http\client.py", line 1430, in getresponse
    response.begin()
    ~~~~~~~~~~~~~~^^
  File "C:\Users\vivek\AppData\Local\Programs\Python\Python313\Lib\http\client.py", line 331, in begin
    version, status, reason = self._read_status()
                              ~~~~~~~~~~~~~~~~~^^
  File "C:\Users\vivek\AppData\Local\Programs\Python\Python313\Lib\http\client.py", line 292, in _read_status
    line = str(self.fp.readline(_MAXLINE + 1), "iso-8859-1")
               ~~~~~~~~~~~~~~~~^^^^^^^^^^^^^^
  File "C:\Users\vivek\AppData\Local\Programs\Python\Python313\Lib\socket.py", line 719, in readinto
    return self._sock.recv_into(b)
           ~~~~~~~~~~~~~~~~~~~~^^^
  File "C:\Users\vivek\AppData\Local\Programs\Python\Python313\Lib\ssl.py", line 1304, in recv_into
    return self.read(nbytes, buffer)
           ~~~~~~~~~^^^^^^^^^^^^^^^^
  File "C:\Users\vivek\AppData\Local\Programs\Python\Python313\Lib\ssl.py", line 1138, in read
    return self._sslobj.read(len, buffer)
           ~~~~~~~~~~~~~~~~~^^^^^^^^^^^^^
KeyboardInterrupt
