2025-06-15 22:37:22,287 - src.core.resume_parser - INFO - Loading NLP models...
2025-06-15 22:37:22,287 - src.core.resume_parser - INFO - Loading NLP models...
2025-06-15 22:37:22,288 - src.core.resume_parser - INFO - Loading NLP models...
2025-06-15 22:37:22,289 - src.core.resume_parser - INFO - Loading NLP models...
2025-06-15 22:37:58,152 - src.core.resume_parser - INFO - Loaded transformer-based NER model
2025-06-15 22:37:58,496 - src.core.resume_parser - INFO - Loaded transformer-based NER model
2025-06-15 22:37:58,834 - src.core.resume_parser - INFO - Loaded transformer-based NER model
2025-06-15 22:37:58,938 - src.core.resume_parser - INFO - Loaded transformer-based NER model
2025-06-15 22:38:06,150 - src.core.resume_parser - INFO - Loaded job-specific model with custom patterns
2025-06-15 22:38:06,253 - src.core.resume_parser - INFO - Loaded job-specific model with custom patterns
2025-06-15 22:38:06,447 - src.core.resume_parser - INFO - Loaded job-specific model with custom patterns
2025-06-15 22:38:06,644 - src.core.resume_parser - INFO - Loaded job-specific model with custom patterns
2025-06-15 22:38:09,157 - src.core.resume_parser - INFO - Loaded 31183 cities
2025-06-15 22:38:09,157 - src.core.resume_parser - INFO - Loaded 33385 ZIP codes
2025-06-15 22:38:09,158 - src.core.resume_parser - INFO - Loaded 104 states
2025-06-15 22:38:09,226 - src.core.resume_parser - INFO - Loaded 31183 cities
2025-06-15 22:38:09,226 - src.core.resume_parser - INFO - Loaded 33385 ZIP codes
2025-06-15 22:38:09,227 - src.core.resume_parser - INFO - Loaded 104 states
2025-06-15 22:38:09,442 - src.core.resume_parser - INFO - Loaded 31183 cities
2025-06-15 22:38:09,442 - src.core.resume_parser - INFO - Loaded 33385 ZIP codes
2025-06-15 22:38:09,443 - src.core.resume_parser - INFO - Loaded 104 states
2025-06-15 22:38:09,517 - src.core.resume_parser - INFO - Loaded 31183 cities
2025-06-15 22:38:09,517 - src.core.resume_parser - INFO - Loaded 33385 ZIP codes
2025-06-15 22:38:09,519 - src.core.resume_parser - INFO - Loaded 104 states
2025-06-15 22:38:11,712 - src.core.document_reader - INFO - Successfully extracted text using _extract_with_pdfplumber
2025-06-15 22:38:11,820 - src.core.document_reader - INFO - Successfully extracted text using _extract_with_pdfplumber
2025-06-15 22:38:13,695 - src.core.document_reader - INFO - Successfully extracted text using _extract_with_pdfplumber
2025-06-15 22:38:14,881 - src.core.document_reader - INFO - Successfully extracted text using _extract_with_pdfplumber
2025-06-15 22:38:19,559 - src.core.resume_parser - ERROR - Error extracting government information: no such group
2025-06-15 22:38:19,845 - src.core.document_reader - INFO - Successfully extracted text using _extract_with_pdfplumber
2025-06-15 22:38:20,184 - src.core.document_reader - INFO - Successfully extracted text using _extract_with_pdfplumber
2025-06-15 22:38:29,129 - src.core.resume_parser - ERROR - Error extracting government information: no such group
2025-06-15 22:38:31,127 - src.core.document_reader - INFO - Successfully extracted text using _extract_with_pdfplumber
2025-06-15 22:38:33,702 - src.core.resume_parser - ERROR - Error extracting government information: no such group
2025-06-15 22:38:36,308 - src.core.resume_parser - ERROR - Error extracting government information: no such group
2025-06-15 22:38:47,020 - src.core.resume_parser - ERROR - Error extracting government information: no such group
2025-06-15 22:38:47,346 - src.core.resume_parser - ERROR - Error extracting government information: no such group
2025-06-15 22:38:53,178 - src.core.resume_parser - ERROR - Error extracting government information: no such group
2025-06-15 22:38:56,933 - src.core.resume_parser - ERROR - Error extracting government information: no such group
2025-06-15 22:39:01,258 - src.core.resume_parser - ERROR - Error extracting government information: no such group
2025-06-15 22:39:09,282 - src.core.resume_parser - ERROR - Error extracting government information: no such group
2025-06-15 22:39:18,454 - src.core.resume_parser - ERROR - Error extracting government information: no such group
2025-06-15 22:39:24,958 - src.core.resume_parser - ERROR - Error extracting government information: no such group
2025-06-15 22:39:30,286 - src.core.resume_parser - ERROR - Error extracting government information: no such group
2025-06-15 22:39:31,442 - src.core.resume_parser - ERROR - Error extracting government information: no such group
2025-06-15 22:39:32,225 - src.core.resume_parser - ERROR - Error extracting government information: no such group
2025-06-15 22:39:47,525 - src.core.resume_parser - ERROR - Error extracting government information: no such group
2025-06-15 22:39:54,920 - src.core.resume_parser - ERROR - Error extracting government information: no such group
2025-06-15 22:40:01,894 - src.core.resume_parser - ERROR - Error extracting government information: no such group
2025-06-15 22:40:07,204 - src.core.resume_parser - ERROR - Error extracting government information: no such group
2025-06-15 22:40:09,332 - src.core.resume_parser - ERROR - Error extracting government information: no such group
2025-06-15 22:40:16,028 - src.core.resume_parser - ERROR - Error extracting government information: no such group
2025-06-15 22:40:19,388 - src.core.resume_parser - ERROR - Error extracting government information: no such group
